c:\users\chris\src\visual studio\processpriority\getsetprocpri\release\getsetprocpri.pch
c:\users\chris\src\visual studio\processpriority\getsetprocpri\release\vc140.pdb
c:\users\chris\src\visual studio\processpriority\getsetprocpri\release\stdafx.obj
c:\users\chris\src\visual studio\processpriority\getsetprocpri\release\.netframework,version=v4.5.2.assemblyattributes.obj
c:\users\chris\src\visual studio\processpriority\getsetprocpri\release\.netframework,version=v4.5.2.assemblyattributes.asm
c:\users\chris\src\visual studio\processpriority\getsetprocpri\release\getsetprocpri.obj
c:\users\chris\src\visual studio\processpriority\release\getsetprocpri.exe
c:\users\chris\src\visual studio\processpriority\release\getsetprocpri.pdb
c:\users\chris\src\visual studio\processpriority\getsetprocpri\release\getsetprocpri.tlog\metagen.write.1.tlog
c:\users\chris\dropbox\chris\backup\src\visual studio\processpriority\getsetprocpri\release\getsetprocpri.vcxprojassemblyreference.cache
c:\users\chris\dropbox\chris\backup\src\visual studio\processpriority\getsetprocpri\release\getsetprocpri.vcxprojresolveassemblyreference.cache
c:\users\chris\dropbox\chris\backup\src\visual studio\processpriority\getsetprocpri\release\.netframework,version=v4.5.2.assemblyattributes.obj
c:\users\chris\dropbox\chris\backup\src\visual studio\processpriority\getsetprocpri\release\getsetprocpri.obj
c:\users\chris\dropbox\chris\backup\src\visual studio\processpriority\getsetprocpri\release\stdafx.obj
c:\users\chris\dropbox\chris\backup\src\visual studio\processpriority\getsetprocpri\release\getsetprocpri.pch
c:\users\chris\dropbox\chris\backup\src\visual studio\processpriority\getsetprocpri\release\vc140.pdb
c:\users\chris\dropbox\chris\backup\src\visual studio\processpriority\release\getsetprocpri.pdb
c:\users\chris\dropbox\chris\backup\src\visual studio\processpriority\release\getsetprocpri.exe
c:\users\chris\dropbox\chris\backup\src\visual studio\processpriority\getsetprocpri\release\getsetprocpri.tlog\cl.command.1.tlog
c:\users\chris\dropbox\chris\backup\src\visual studio\processpriority\getsetprocpri\release\getsetprocpri.tlog\cl.read.1.tlog
c:\users\chris\dropbox\chris\backup\src\visual studio\processpriority\getsetprocpri\release\getsetprocpri.tlog\cl.write.1.tlog
c:\users\chris\dropbox\chris\backup\src\visual studio\processpriority\getsetprocpri\release\getsetprocpri.tlog\link.command.1.tlog
c:\users\chris\dropbox\chris\backup\src\visual studio\processpriority\getsetprocpri\release\getsetprocpri.tlog\link.read.1.tlog
c:\users\chris\dropbox\chris\backup\src\visual studio\processpriority\getsetprocpri\release\getsetprocpri.tlog\link.write.1.tlog
c:\users\chris\dropbox\chris\backup\src\visual studio\processpriority\getsetprocpri\release\getsetprocpri.tlog\metagen.read.1.tlog
c:\users\chris\dropbox\chris\backup\src\visual studio\processpriority\getsetprocpri\release\getsetprocpri.tlog\metagen.write.1.tlog
c:\users\chris\dropbox\chris\backup\src\visual studio\processpriority\getsetprocpri\release\getsetprocpri.tlog\procprimgd.dll.metagen
c:\users\chris\dropbox\chris\backup\src\visual studio\processpriority\getsetprocpri\release\getsetprocpri.tlog\rsaenh.dll.bi
c:\users\chris\dropbox\chris\backup\src\visual studio\processpriority\getsetprocpri\release\getsetprocpri.tlog\tzres.dll.bi
