c:\users\chris\src\visual studio\processpriority\procprimgd\release\procprimgd.pch
c:\users\chris\src\visual studio\processpriority\procprimgd\release\vc140.pdb
c:\users\chris\src\visual studio\processpriority\procprimgd\release\stdafx.obj
c:\users\chris\src\visual studio\processpriority\procprimgd\release\procprimgd.obj
c:\users\chris\src\visual studio\processpriority\procprimgd\release\assemblyinfo.obj
c:\users\chris\src\visual studio\processpriority\procprimgd\release\.netframework,version=v4.5.2.assemblyattributes.obj
c:\users\chris\src\visual studio\processpriority\procprimgd\release\.netframework,version=v4.5.2.assemblyattributes.asm
c:\users\chris\src\visual studio\processpriority\release\procprimgd.dll
c:\users\chris\src\visual studio\processpriority\release\procprimgd.pdb
c:\users\chris\src\visual studio\processpriority\procprimgd\release\app.res
c:\users\chris\dropbox\chris\backup\src\visual studio\processpriority\procprimgd\release\procprimgd.vcxprojassemblyreference.cache
c:\users\chris\dropbox\chris\backup\src\visual studio\processpriority\procprimgd\release\.netframework,version=v4.5.2.assemblyattributes.obj
c:\users\chris\dropbox\chris\backup\src\visual studio\processpriority\procprimgd\release\assemblyinfo.obj
c:\users\chris\dropbox\chris\backup\src\visual studio\processpriority\procprimgd\release\procprimgd.obj
c:\users\chris\dropbox\chris\backup\src\visual studio\processpriority\procprimgd\release\stdafx.obj
c:\users\chris\dropbox\chris\backup\src\visual studio\processpriority\procprimgd\release\app.res
c:\users\chris\dropbox\chris\backup\src\visual studio\processpriority\procprimgd\release\procprimgd.pch
c:\users\chris\dropbox\chris\backup\src\visual studio\processpriority\procprimgd\release\vc140.pdb
c:\users\chris\dropbox\chris\backup\src\visual studio\processpriority\release\procprimgd.pdb
c:\users\chris\dropbox\chris\backup\src\visual studio\processpriority\release\procprimgd.dll
c:\users\chris\dropbox\chris\backup\src\visual studio\processpriority\procprimgd\release\procprimgd.tlog\cl.command.1.tlog
c:\users\chris\dropbox\chris\backup\src\visual studio\processpriority\procprimgd\release\procprimgd.tlog\cl.read.1.tlog
c:\users\chris\dropbox\chris\backup\src\visual studio\processpriority\procprimgd\release\procprimgd.tlog\cl.write.1.tlog
c:\users\chris\dropbox\chris\backup\src\visual studio\processpriority\procprimgd\release\procprimgd.tlog\link.command.1.tlog
c:\users\chris\dropbox\chris\backup\src\visual studio\processpriority\procprimgd\release\procprimgd.tlog\link.read.1.tlog
c:\users\chris\dropbox\chris\backup\src\visual studio\processpriority\procprimgd\release\procprimgd.tlog\link.write.1.tlog
c:\users\chris\dropbox\chris\backup\src\visual studio\processpriority\procprimgd\release\procprimgd.tlog\rc.command.1.tlog
c:\users\chris\dropbox\chris\backup\src\visual studio\processpriority\procprimgd\release\procprimgd.tlog\rc.read.1.tlog
c:\users\chris\dropbox\chris\backup\src\visual studio\processpriority\procprimgd\release\procprimgd.tlog\rc.write.1.tlog
