c:\users\chris\src\visual studio\processpriority\processpriority\release\processpriority.pch
c:\users\chris\src\visual studio\processpriority\processpriority\release\vc140.pdb
c:\users\chris\src\visual studio\processpriority\processpriority\release\stdafx.obj
c:\users\chris\src\visual studio\processpriority\processpriority\release\dllmain.obj
c:\users\chris\src\visual studio\processpriority\processpriority\release\processpriority.obj
c:\users\chris\src\visual studio\processpriority\release\processpriority.dll
c:\users\chris\src\visual studio\processpriority\release\processpriority.ipdb
c:\users\chris\src\visual studio\processpriority\release\processpriority.iobj
c:\users\chris\src\visual studio\processpriority\release\processpriority.pdb
c:\users\chris\src\visual studio\processpriority\release\processpriority.lib
c:\users\chris\src\visual studio\processpriority\release\processpriority.exp
c:\users\chris\dropbox\chris\backup\src\visual studio\processpriority\processpriority\release\dllmain.obj
c:\users\chris\dropbox\chris\backup\src\visual studio\processpriority\processpriority\release\processpriority.obj
c:\users\chris\dropbox\chris\backup\src\visual studio\processpriority\processpriority\release\stdafx.obj
c:\users\chris\dropbox\chris\backup\src\visual studio\processpriority\processpriority\release\processpriority.pch
c:\users\chris\dropbox\chris\backup\src\visual studio\processpriority\processpriority\release\vc140.pdb
c:\users\chris\dropbox\chris\backup\src\visual studio\processpriority\release\processpriority.pdb
c:\users\chris\dropbox\chris\backup\src\visual studio\processpriority\release\processpriority.dll
c:\users\chris\dropbox\chris\backup\src\visual studio\processpriority\processpriority\release\processpriority.tlog\cl.command.1.tlog
c:\users\chris\dropbox\chris\backup\src\visual studio\processpriority\processpriority\release\processpriority.tlog\cl.read.1.tlog
c:\users\chris\dropbox\chris\backup\src\visual studio\processpriority\processpriority\release\processpriority.tlog\cl.write.1.tlog
c:\users\chris\dropbox\chris\backup\src\visual studio\processpriority\processpriority\release\processpriority.tlog\link.command.1.tlog
c:\users\chris\dropbox\chris\backup\src\visual studio\processpriority\processpriority\release\processpriority.tlog\link.read.1.tlog
c:\users\chris\dropbox\chris\backup\src\visual studio\processpriority\processpriority\release\processpriority.tlog\link.write.1.tlog
c:\users\chris\dropbox\chris\backup\src\visual studio\processpriority\processpriority\release\processpriority.tlog\processpriority.write.1u.tlog
